<?xml version="1.0" encoding="UTF-8"?>
<!-- Generated by org.testng.reporters.JUnitReportReporter -->
<testsuite skipped="0" hostname="IXDM7J5B3" name="cucumberoptions.TestRunner" tests="9" failures="0" timestamp="2022-05-24T12:12:17 IST" time="108.714" errors="0">
  <testcase name="runScenario" time="17.492" classname="cucumberoptions.TestRunner"/>
  <system-out/>
  <testcase name="runScenario" time="6.854" classname="cucumberoptions.TestRunner"/>
  <system-out/>
  <testcase name="runScenario" time="14.669" classname="cucumberoptions.TestRunner"/>
  <system-out/>
  <testcase name="runScenario" time="11.849" classname="cucumberoptions.TestRunner"/>
  <system-out/>
  <testcase name="runScenario" time="10.828" classname="cucumberoptions.TestRunner"/>
  <system-out/>
  <testcase name="runScenario" time="10.615" classname="cucumberoptions.TestRunner"/>
  <system-out/>
  <testcase name="runScenario" time="12.611" classname="cucumberoptions.TestRunner"/>
  <system-out/>
  <testcase name="runScenario" time="11.230" classname="cucumberoptions.TestRunner"/>
  <system-out/>
  <testcase name="runScenario" time="12.566" classname="cucumberoptions.TestRunner"/>
  <system-out/>
</testsuite> <!-- cucumberoptions.TestRunner -->
